   Compiling proc-macro2 v1.0.106
   Compiling quote v1.0.45
   Compiling serde_core v1.0.228
   Compiling libc v0.2.185
   Compiling libm v0.2.16
   Compiling rustix v1.1.4
   Compiling linux-raw-sys v0.12.1
   Compiling serde v1.0.228
   Compiling libloading v0.8.9
   Compiling pkg-config v0.3.33
   Compiling syn v2.0.117
   Compiling equivalent v1.0.2
   Compiling hashbrown v0.17.0
   Compiling thiserror v2.0.18
   Compiling tracing-core v0.1.36
   Compiling indexmap v2.14.0
   Compiling slab v0.4.12
   Compiling dlib v0.5.3
   Compiling num-traits v0.2.19
   Compiling shlex v1.3.0
   Compiling find-msvc-tools v0.1.9
   Compiling wayland-sys v0.31.11
   Compiling bitflags v2.11.1
   Compiling cc v1.2.60
   Compiling parking_lot_core v0.9.12
   Compiling winnow v0.7.15
   Compiling arrayvec v0.7.6
   Compiling winnow v1.0.2
   Compiling downcast-rs v1.2.1
   Compiling futures-core v0.3.32
   Compiling scoped-tls v1.0.1
   Compiling toml_datetime v1.1.1+spec-1.1.0
   Compiling cfg_aliases v0.2.1
   Compiling scopeguard v1.2.0
   Compiling crossbeam-utils v0.8.21
   Compiling quick-xml v0.39.2
   Compiling lock_api v0.4.14
   Compiling wayland-client v0.31.14
   Compiling wayland-backend v0.3.15
   Compiling toml_parser v1.1.2+spec-1.1.0
   Compiling memmap2 v0.9.10
   Compiling parking v2.2.1
   Compiling concurrent-queue v2.5.0
   Compiling wayland-scanner v0.31.10
   Compiling futures-io v0.3.32
   Compiling fastrand v2.4.1
   Compiling endi v1.1.1
   Compiling toml_edit v0.25.11+spec-1.1.0
   Compiling core_maths v0.1.1
   Compiling raw-window-handle v0.6.2
   Compiling zerocopy v0.8.48
   Compiling parking_lot v0.12.5
   Compiling xcursor v0.3.10
   Compiling event-listener v5.4.1
   Compiling cursor-icon v1.2.0
   Compiling proc-macro-crate v3.5.0
   Compiling event-listener-strategy v0.5.4
   Compiling futures-lite v2.6.1
   Compiling errno v0.3.14
   Compiling crc32fast v1.5.0
   Compiling siphasher v1.0.2
   Compiling xkeysym v0.2.1
   Compiling simd-adler32 v0.3.9
   Compiling signal-hook-registry v1.4.8
   Compiling ttf-parser v0.25.1
   Compiling async-io v2.6.0
   Compiling adler2 v2.0.1
   Compiling miniz_oxide v0.8.9
   Compiling serde_derive v1.0.228
   Compiling bytemuck_derive v1.10.2
   Compiling thiserror-impl v2.0.18
   Compiling tracing-attributes v0.1.31
   Compiling polling v3.11.0
   Compiling bytemuck v1.25.0
   Compiling enumflags2_derive v0.7.12
   Compiling zerocopy-derive v0.8.48
   Compiling tracing v0.1.44
   Compiling displaydoc v0.2.5
   Compiling calloop v0.14.4
   Compiling mio v1.2.0
   Compiling smithay-client-toolkit v0.20.0
   Compiling foldhash v0.2.0
   Compiling async-task v4.7.1
   Compiling wayland-protocols v0.32.12
   Compiling rustc-hash v2.1.2
   Compiling wayland-cursor v0.31.14
   Compiling calloop-wayland-source v0.4.1
   Compiling hashbrown v0.16.1
   Compiling flate2 v1.1.9
   Compiling zvariant_utils v3.3.0
   Compiling enumflags2 v0.7.12
   Compiling wayland-csd-frame v0.3.0
   Compiling zvariant_derive v5.10.0
   Compiling tokio-macros v2.7.0
   Compiling async-channel v2.5.0
   Compiling uuid v1.23.1
   Compiling socket2 v0.6.3
   Compiling atomic-waker v1.1.2
   Compiling bytes v1.11.1
   Compiling thiserror v1.0.69
   Compiling piper v0.2.5
   Compiling async-signal v0.2.14
   Compiling quick-xml v0.38.4
   Compiling tokio v1.52.1
   Compiling zvariant v5.10.0
   Compiling thiserror-impl v1.0.69
   Compiling fdeflate v0.3.7
   Compiling async-lock v3.4.2
   Compiling synstructure v0.13.2
   Compiling static_assertions v1.1.0
   Compiling bitflags v1.3.2
   Compiling float-cmp v0.9.0
   Compiling strict-num v0.1.1
   Compiling async-process v2.5.0
   Compiling blocking v1.6.2
   Compiling async-executor v1.14.0
   Compiling zbus_names v4.3.1
   Compiling serde_repr v0.1.20
   Compiling async-recursion v1.1.1
   Compiling wayland-protocols-wlr v0.3.12
   Compiling wayland-protocols-misc v0.3.12
   Compiling wayland-protocols-experimental v20250721.0.1
   Compiling zbus_macros v5.14.0
   Compiling zbus_xml v5.1.0
   Compiling async-trait v0.1.89
   Compiling async-broadcast v0.7.2
   Compiling ordered-stream v0.2.0
   Compiling smol_str v0.3.6
   Compiling hex v0.4.3
   Compiling arrayref v0.3.9
   Compiling as-raw-xcb-connection v1.0.1
   Compiling tiny-skia-path v0.11.4
   Compiling zbus-lockstep v0.5.2
   Compiling zerofrom-derive v0.1.7
   Compiling gethostname v1.1.0
   Compiling x11-dl v2.21.0
   Compiling x11rb-protocol v0.13.2
   Compiling zbus-lockstep-macros v0.5.2
   Compiling yoke-derive v0.8.2
   Compiling png v0.17.16
   Compiling keyboard-types v0.8.3
   Compiling zerofrom v0.1.7
   Compiling zbus v5.14.0
   Compiling getrandom v0.3.4
   Compiling stable_deref_trait v1.2.1
   Compiling dpi v0.1.2 (https://github.com/pop-os/winit.git?tag=cosmic-0.14#261cda54)
   Compiling winit-core v0.31.0-beta.2 (https://github.com/pop-os/winit.git?tag=cosmic-0.14#261cda54)
   Compiling tiny-skia v0.11.4
   Compiling owned_ttf_parser v0.25.1
   Compiling xkbcommon-dl v0.4.2
   Compiling yoke v0.8.2
   Compiling ahash v0.8.12
   Compiling ab_glyph_rasterizer v0.1.10
   Compiling percent-encoding v2.3.2
   Compiling ab_glyph v0.2.32
   Compiling accesskit v0.22.0 (https://github.com/wash2/accesskit?tag=cosmic-0.14#f0599eed)
   Compiling zerovec-derive v0.11.3
   Compiling rand_core v0.6.4
   Compiling rand v0.8.6
   Compiling accesskit_consumer v0.32.0 (https://github.com/wash2/accesskit?tag=cosmic-0.14#f0599eed)
   Compiling sctk-adwaita v0.11.0
   Compiling smithay-clipboard v0.8.0 (https://github.com/pop-os/smithay-clipboard?tag=sctk-0.20#859b02c8)
   Compiling wayland-protocols-plasma v0.3.12
   Compiling phf_shared v0.11.3
   Compiling zerovec v0.11.6
   Compiling winit-common v0.31.0-beta.2 (https://github.com/pop-os/winit.git?tag=cosmic-0.14#261cda54)
   Compiling winit v0.31.0-beta.2 (https://github.com/pop-os/winit.git?tag=cosmic-0.14#261cda54)
   Compiling phf_generator v0.11.3
   Compiling mime v0.1.0 (https://github.com/pop-os/window_clipboard.git?tag=sctk-0.20#f68595ee)
   Compiling tokio-stream v0.1.18
   Compiling self_cell v1.2.2
   Compiling futures-sink v0.3.32
   Compiling futures-channel v0.3.32
   Compiling dnd v0.1.0 (https://github.com/pop-os/window_clipboard.git?tag=sctk-0.20#f68595ee)
   Compiling phf_macros v0.11.3
   Compiling futures-macro v0.3.32
   Compiling euclid v0.22.14
   Compiling slotmap v1.1.1
   Compiling palette v0.7.6
   Compiling futures-task v0.3.32
   Compiling by_address v1.2.1
   Compiling clipboard_wayland v0.2.2 (https://github.com/pop-os/window_clipboard.git?tag=sctk-0.20#f68595ee)
   Compiling phf v0.11.3
   Compiling tinystr v0.8.3
   Compiling palette_derive v0.7.6
   Compiling approx v0.5.1
   Compiling fast-srgb8 v1.0.0
   Compiling web-time v1.1.0
   Compiling winit-wayland v0.31.0-beta.2 (https://github.com/pop-os/winit.git?tag=cosmic-0.14#261cda54)
   Compiling futures-util v0.3.32
   Compiling lilt v0.8.1
   Compiling half v2.7.1
   Compiling font-types v0.11.3
   Compiling atspi-common v0.13.0
   Compiling glam v0.25.0
   Compiling futures-executor v0.3.32
   Compiling tinyvec_macros v0.1.1
   Compiling roxmltree v0.20.0
   Compiling rustix v0.38.44
   Compiling fontconfig-parser v0.5.8
   Compiling futures v0.3.32
   Compiling tinyvec v1.11.0
   Compiling read-fonts v0.37.0
   Compiling x11rb v0.13.2
   Compiling linux-raw-sys v0.4.15
   Compiling unicode-script v0.5.8
   Compiling fontdb v0.23.0
   Compiling atspi-proxies v0.13.0
   Compiling winit-x11 v0.31.0-beta.2 (https://github.com/pop-os/winit.git?tag=cosmic-0.14#261cda54)
   Compiling accesskit_atspi_common v0.15.0 (https://github.com/wash2/accesskit?tag=cosmic-0.14#f0599eed)
   Compiling clipboard_x11 v0.4.2 (https://github.com/pop-os/window_clipboard.git?tag=sctk-0.20#f68595ee)
   Compiling lyon_geom v1.0.19
   Compiling window_clipboard v0.4.1 (https://github.com/pop-os/window_clipboard.git?tag=sctk-0.20#f68595ee)
   Compiling generic-array v0.14.7
   Compiling unicode-bidi v0.3.18
   Compiling unic-langid-impl v0.9.6
   Compiling atspi v0.29.0
   Compiling accesskit_unix v0.18.0 (https://github.com/wash2/accesskit?tag=cosmic-0.14#f0599eed)
   Compiling lyon_path v1.0.19
   Compiling naga v27.0.3
   Compiling sys-locale v0.3.2
   Compiling skrifa v0.40.0
   Compiling khronos-egl v6.0.0
   Compiling byteorder-lite v0.1.0
   Compiling foldhash v0.1.5
   Compiling ash v0.38.0+1.3.281
   Compiling unicode-width v0.2.2
   Compiling accesskit_winit v0.30.0 (https://github.com/wash2/accesskit?tag=cosmic-0.14#f0599eed)
   Compiling typenum v1.20.0
   Compiling iced_accessibility v0.1.0 (https://github.com/pop-os/libcosmic#17291536)
   Compiling iced_core v0.14.0 (https://github.com/pop-os/libcosmic#17291536)
   Compiling bit-vec v0.8.0
   Compiling zeno v0.3.3
   Compiling yazi v0.2.1
   Compiling bit-set v0.8.0
   Compiling swash v0.2.7
   Compiling codespan-reporting v0.12.0
   Compiling hashbrown v0.15.5
   Compiling harfrust v0.5.2
   Compiling unic-langid v0.9.6
   Compiling iced_futures v0.14.0 (https://github.com/pop-os/libcosmic#17291536)
   Compiling wgpu-hal v27.0.4
   Compiling gpu-alloc-types v0.3.0
   Compiling gpu-descriptor-types v0.2.0
   Compiling spirv v0.3.0+sdk-1.3.268.0
   Compiling linebender_resource_handle v0.1.1
   Compiling hexf-parse v0.2.1
   Compiling rustc-hash v1.1.0
   Compiling zune-core v0.5.1
   Compiling unicode-linebreak v0.1.5
   Compiling pxfm v0.1.29
   Compiling unicode-segmentation v1.13.2
   Compiling same-file v1.0.6
   Compiling rangemap v1.7.1
   Compiling walkdir v2.5.0
   Compiling zune-jpeg v0.5.15
   Compiling gpu-descriptor v0.3.2
   Compiling gpu-alloc v0.6.0
   Compiling png v0.18.1
   Compiling cosmic-text v0.19.0 (https://github.com/pop-os/cosmic-text.git#c24886c2)
   Compiling moxcms v0.8.1
   Compiling type-map v0.5.1
   Compiling wgpu-types v27.0.1
   Compiling ordered-float v5.3.0
   Compiling mutate_once v0.1.2
   Compiling glow v0.16.0
   Compiling profiling v1.0.17
   Compiling renderdoc-sys v1.1.0
   Compiling drm-sys v0.6.1
   Compiling kamadak-exif v0.6.1
   Compiling block-buffer v0.10.4
   Compiling crypto-common v0.1.7
   Compiling wgpu-core v27.0.3
   Compiling kurbo v0.11.3
   Compiling tiny-xlib v0.2.5
   Compiling uncased v0.9.10
   Compiling linux-raw-sys v0.6.5
   Compiling unicode-ccc v0.4.0
   Compiling image v0.25.10
   Compiling litrs v1.0.0
   Compiling unicode-properties v0.1.4
   Compiling unicode-bidi-mirroring v0.4.0
   Compiling drm-fourcc v2.2.0
   Compiling rustybuzz v0.20.1
   Compiling document-features v0.2.12
   Compiling svgtypes v0.15.3
   Compiling digest v0.10.7
   Compiling fluent-syntax v0.12.0
   Compiling wgpu v27.0.1
   Compiling simplecss v0.2.2
   Compiling cpufeatures v0.2.17
   Compiling svg_fmt v0.4.5
   Compiling color_quant v1.1.0
   Compiling pico-args v0.5.0
   Compiling iced_graphics v0.14.0 (https://github.com/pop-os/libcosmic#17291536)
   Compiling quick-error v2.0.1
   Compiling unicode-vo v0.1.0
   Compiling writeable v0.6.3
   Compiling ctor v0.10.1
   Compiling imagesize v0.13.0
   Compiling base64 v0.22.1
   Compiling zune-core v0.4.12
   Compiling litemap v0.8.2
   Compiling data-url v0.3.2
   Compiling weezl v0.1.12
   Compiling xmlwriter v0.1.0
   Compiling usvg v0.45.1
   Compiling gif v0.13.3
   Compiling zune-jpeg v0.4.21
   Compiling icu_locale_core v2.2.0
   Compiling image-webp v0.2.4
   Compiling sha2 v0.10.9
   Compiling drm-ffi v0.7.1
   Compiling iced_debug v0.14.0 (https://github.com/pop-os/libcosmic#17291536)
   Compiling potential_utf v0.1.5
   Compiling zerotrie v0.2.4
   Compiling rgb v0.8.53
   Compiling softbuffer v0.4.1 (https://github.com/pop-os/softbuffer?tag=cosmic-4.0#c2b2c19d)
   Compiling proc-macro2-diagnostics v0.10.1
   Compiling rustversion v1.0.22
   Compiling float_next_after v1.0.0
   Compiling getrandom v0.4.2
   Compiling icu_properties_data v2.2.0
   Compiling icu_normalizer_data v2.2.0
   Compiling smallvec v1.15.1
   Compiling utf8_iter v1.0.4
   Compiling icu_collections v2.2.0
   Compiling lyon_tessellation v1.0.20
   Compiling resvg v0.45.1
   Compiling icu_provider v2.2.0
   Compiling drm v0.11.1
   Compiling phf_shared v0.13.1
   Compiling rust-embed-utils v8.11.0
   Compiling etagere v0.2.15
   Compiling lyon_algorithms v1.0.19
   Compiling toml v0.5.11
   Compiling basic-toml v0.1.10
   Compiling lru v0.16.4
   Compiling strsim v0.11.1
   Compiling yansi v1.0.1
   Compiling wgpu-core-deps-windows-linux-android v27.0.0
   Compiling log v0.4.29
   Compiling typeid v1.0.3
   Compiling i18n-config v0.4.8
   Compiling phf_generator v0.13.1
   Compiling find-crate v0.6.3
   Compiling lyon v1.0.19
   Compiling rust-embed-impl v8.11.0
   Compiling guillotiere v0.6.2
   Compiling intl-memoizer v0.5.3
   Compiling iced_runtime v0.14.0 (https://github.com/pop-os/libcosmic#17291536)
   Compiling fluent-langneg v0.13.1
   Compiling intl_pluralrules v7.0.2
   Compiling kurbo v0.10.4
   Compiling inotify-sys v0.1.5
   Compiling option-ext v0.2.0
   Compiling ident_case v1.0.1
   Compiling fnv v1.0.7
   Compiling zmij v1.0.21
   Compiling heck v0.4.1
   Compiling darling_core v0.21.3
   Compiling ouroboros_macro v0.18.5
   Compiling iced_tiny_skia v0.14.0 (https://github.com/pop-os/libcosmic#17291536)
   Compiling fluent-bundle v0.16.0
   Compiling dirs-sys v0.5.0
   Compiling inotify v0.11.1
   Compiling arc-swap v1.9.1
   Compiling rust-embed v8.11.0
   Compiling tempfile v3.27.0
   Compiling icu_properties v2.2.0
   Compiling i18n-embed-impl v0.8.4
   Compiling icu_normalizer v2.2.0
   Compiling phf_macros v0.13.1
   Compiling notify-types v2.1.0
   Compiling memoffset v0.6.5
   Compiling xdg v3.0.0
   Compiling aliasable v0.1.3
   Compiling serde_json v1.0.149
   Compiling ouroboros v0.18.5
   Compiling darling_macro v0.21.3
   Compiling notify v8.2.0
   Compiling idna_adapter v1.2.1
   Compiling ron v0.12.1
   Compiling phf v0.13.1
   Compiling atomicwrites v0.4.2 (https://github.com/jackpot51/rust-atomicwrites#043ab485)
   Compiling dirs v6.0.0
   Compiling fluent v0.17.0
   Compiling iced_program v0.14.0 (https://github.com/pop-os/libcosmic#17291536)
   Compiling cosmic-settings-daemon v0.1.0 (https://github.com/pop-os/dbus-settings-bindings#507e342c)
   Compiling cosmic-config-derive v1.0.0 (https://github.com/pop-os/libcosmic#17291536)
   Compiling serial-core v0.4.0
   Compiling ioctl-rs v0.1.6
   Compiling termios v0.2.2
   Compiling getrandom v0.2.17
   Compiling proc-macro-error-attr2 v2.0.0
   Compiling regex-automata v0.4.14
   Compiling anyhow v1.0.102
   Compiling proc-macro-error2 v2.0.1
   Compiling cosmic-config v1.0.0 (https://github.com/pop-os/libcosmic#17291536)
   Compiling bstr v1.12.1
   Compiling serial-unix v0.4.0
   Compiling iced_winit v0.14.0 (https://github.com/pop-os/libcosmic#17291536)
   Compiling i18n-embed v0.16.0
   Compiling darling v0.21.3
   Compiling cryoglyph v0.1.0 (https://github.com/pop-os/glyphon.git?tag=cosmic-0.14#c49de15b)
   Compiling csscolorparser v0.8.3
   Compiling iced_wgpu v0.14.0 (https://github.com/pop-os/libcosmic#17291536)
   Compiling idna v1.1.0
   Compiling form_urlencoded v1.2.2
   Compiling ppv-lite86 v0.2.21
   Compiling serde_spanned v0.6.9
   Compiling toml_datetime v0.6.11
   Compiling derive_utils v0.15.1
   Compiling btoi v0.5.0
   Compiling almost v0.2.0
   Compiling grid v1.0.1
   Compiling libcosmic v1.0.0 (https://github.com/pop-os/libcosmic#17291536)
   Compiling configparser v3.1.0
   Compiling pin-utils v0.1.0
   Compiling toml_write v0.1.2
   Compiling lazy_static v1.5.0
   Compiling cosmic-theme v1.0.0 (https://github.com/pop-os/libcosmic#17291536)
   Compiling toml_edit v0.22.27
   Compiling sharded-slab v0.1.7
   Compiling iced_renderer v0.14.0 (https://github.com/pop-os/libcosmic#17291536)
   Compiling nix v0.25.1
   Compiling taffy v0.9.2
   Compiling iced_widget v0.14.2 (https://github.com/pop-os/libcosmic#17291536)
   Compiling auto_enums v0.8.8
   Compiling cosmic-freedesktop-icons v0.4.0 (https://github.com/pop-os/freedesktop-icons#9c562fe3)
   Compiling i18n-embed-fl v0.10.0
   Compiling rand_chacha v0.3.1
   Compiling url v2.5.8
   Compiling derive_setters v0.1.9
   Compiling serial v0.4.0
   Compiling iced v0.14.0 (https://github.com/pop-os/libcosmic#17291536)
   Compiling filedescriptor v0.8.3
   Compiling float-cmp v0.10.0
   Compiling tracing-log v0.2.0
   Compiling thread_local v1.1.9
   Compiling nu-ansi-term v0.50.3
   Compiling css-color v0.2.8
   Compiling jiff v0.2.24
   Compiling apply v0.3.0
   Compiling shell-words v1.1.1
   Compiling tracing-subscriber v0.3.23
   Compiling toml v0.8.23
   Compiling portable-pty v0.8.1
   Compiling threednterminal v0.1.0 (/home/andreas/3DNTerminal)
warning: unused variable: `dt`
  --> src/effects/neural.rs:46:52
   |
46 |     fn draw(&mut self, pixmap: &mut PixmapMut<'_>, dt: f32) {
   |                                                    ^^ help: if this is intentional, prefix it with an underscore: `_dt`
   |
   = note: `#[warn(unused_variables)]` (part of `#[warn(unused)]`) on by default

warning: `threednterminal` (lib) generated 1 warning (run `cargo fix --lib -p threednterminal` to apply 1 suggestion)
error[E0432]: unresolved import `cosmic::app::Command`
 --> src/main.rs:6:11
  |
6 |     app::{Command, Core, Settings},
  |           ^^^^^^^ no `Command` in `app`
  |
  = help: consider importing this struct instead:
          std::process::Command

warning: unused import: `ApplicationExt`
 --> src/main.rs:9:18
  |
9 |     Application, ApplicationExt, Element,
  |                  ^^^^^^^^^^^^^^
  |
  = note: `#[warn(unused_imports)]` (part of `#[warn(unused)]`) on by default

error[E0061]: this function takes 1 argument but 0 arguments were supplied
   --> src/main.rs:54:23
    |
 54 |         let content = cosmic::widget::column()
    |                       ^^^^^^^^^^^^^^^^^^^^^^-- argument #1 is missing
    |
note: function defined here
   --> /home/andreas/.cargo/git/checkouts/libcosmic-41009aea1d72760b/1729153/iced/widget/src/helpers.rs:482:8
    |
482 | pub fn column<'a, Message, Theme, Renderer>(
    |        ^^^^^^
help: provide the argument
    |
 54 |         let content = cosmic::widget::column(/* children */)
    |                                              ++++++++++++++

Some errors have detailed explanations: E0061, E0432.
For more information about an error, try `rustc --explain E0061`.
warning: `threednterminal` (bin "3dnterm") generated 2 warnings (1 duplicate)
error: could not compile `threednterminal` (bin "3dnterm") due to 2 previous errors; 2 warnings emitted
